[INFO] 19:40:36:415 Pepe/(3618:3618): Hola soy un Log
[INFO] 20:02:01:183 Pepe/(30332:30332): Hola soy un Log
[INFO] 20:02:01:187 Pepe/(30332:30332): valor
[INFO] 20:02:01:187 Pepe/(30332:30332): เ๊พ>'
[INFO] 20:02:01:188 Pepe/(30332:30332): 127.0.0.1
[INFO] 20:03:02:925 Pepe/(30469:30469): Hola soy un Log
[INFO] 20:03:02:929 Pepe/(30469:30469): valor
[INFO] 20:03:02:930 Pepe/(30469:30469): 4444
[INFO] 20:03:02:930 Pepe/(30469:30469): 127.0.0.1
[INFO] 20:03:23:452 Pepe/(30519:30519): Hola soy un Log
[INFO] 23:39:50:023 LOG_CLIENTE_TP0/(5827:5827): Hola soy un Log
[INFO] 23:39:50:025 LOG_CLIENTE_TP0/(5827:5827): valor
[INFO] 23:39:50:026 LOG_CLIENTE_TP0/(5827:5827): 4444
[INFO] 23:39:50:027 LOG_CLIENTE_TP0/(5827:5827): 127.0.0.1
[INFO] 23:45:56:155 LOG_CLIENTE_TP0/(6555:6555): Hola soy un Log
[INFO] 23:45:56:156 LOG_CLIENTE_TP0/(6555:6555): valor
[INFO] 23:45:56:157 LOG_CLIENTE_TP0/(6555:6555): 4444
[INFO] 23:45:56:158 LOG_CLIENTE_TP0/(6555:6555): 127.0.0.1
[INFO] 23:51:51:680 LOG_CLIENTE_TP0/(7101:7101): Hola soy un Log
[INFO] 23:51:51:681 LOG_CLIENTE_TP0/(7101:7101): ยก BIENVENIDOS AL LOG DE CLIENTE !
[INFO] 23:51:51:682 LOG_CLIENTE_TP0/(7101:7101): valor
[INFO] 23:51:51:682 LOG_CLIENTE_TP0/(7101:7101): 4444
[INFO] 23:51:51:682 LOG_CLIENTE_TP0/(7101:7101): 127.0.0.1
[INFO] 23:59:00:913 LOG_CLIENTE_TP0/(7722:7722): Hola soy un Log
[INFO] 23:59:00:914 LOG_CLIENTE_TP0/(7722:7722): ยก BIENVENIDOS AL LOG DE CLIENTE !
[INFO] 23:59:00:914 LOG_CLIENTE_TP0/(7722:7722): La clave es:valor
[INFO] 23:59:00:915 LOG_CLIENTE_TP0/(7722:7722): El puerto es:4444
[INFO] 23:59:00:915 LOG_CLIENTE_TP0/(7722:7722): La IP es:127.0.0.1
[INFO] 23:59:44:056 LOG_CLIENTE_TP0/(7808:7808): Hola soy un Log
[INFO] 23:59:44:057 LOG_CLIENTE_TP0/(7808:7808): ยก BIENVENIDOS AL LOG DE CLIENTE !
[INFO] 00:00:26:473 LOG_CLIENTE_TP0/(7891:7891): Hola soy un Log
[INFO] 00:00:26:474 LOG_CLIENTE_TP0/(7891:7891): ยก BIENVENIDOS AL LOG DE CLIENTE !
[INFO] 00:00:26:474 LOG_CLIENTE_TP0/(7891:7891): La clave es:valor
[INFO] 00:01:14:634 LOG_CLIENTE_TP0/(7990:7990): Hola soy un Log
[INFO] 00:01:14:635 LOG_CLIENTE_TP0/(7990:7990): ยก BIENVENIDOS AL LOG DE CLIENTE !
[INFO] 00:01:14:636 LOG_CLIENTE_TP0/(7990:7990): La clave es:valor
[INFO] 00:02:31:026 LOG_CLIENTE_TP0/(8137:8137): Hola soy un Log
[INFO] 00:02:31:028 LOG_CLIENTE_TP0/(8137:8137): ยก BIENVENIDOS AL LOG DE CLIENTE !
[INFO] 00:02:31:029 LOG_CLIENTE_TP0/(8137:8137): La clave es:valor El puerto es:4444 La IP es:127.0.0.1
[INFO] 00:05:24:926 LOG_CLIENTE_TP0/(8434:8434): Hola soy un Log
[INFO] 00:05:24:927 LOG_CLIENTE_TP0/(8434:8434): ยก BIENVENIDOS AL LOG DE CLIENTE !
[INFO] 00:05:24:927 LOG_CLIENTE_TP0/(8434:8434): La clave es:valor 
El puerto es:4444 
La IP es:127.0.0.1 

[INFO] 00:06:03:817 LOG_CLIENTE_TP0/(8527:8527): Hola soy un Log
[INFO] 00:06:03:818 LOG_CLIENTE_TP0/(8527:8527): ยก BIENVENIDOS AL LOG DE CLIENTE !
[INFO] 00:06:03:819 LOG_CLIENTE_TP0/(8527:8527): 
 La clave es:valor 
El puerto es:4444 
La IP es:127.0.0.1 

[INFO] 00:06:21:085 LOG_CLIENTE_TP0/(8563:8563): Hola soy un Log
[INFO] 00:06:21:086 LOG_CLIENTE_TP0/(8563:8563): ยก BIENVENIDOS AL LOG DE CLIENTE !
[INFO] 00:06:21:087 LOG_CLIENTE_TP0/(8563:8563): 
La clave es:valor 
El puerto es:4444 
La IP es:127.0.0.1 

[INFO] 00:09:04:189 LOG_CLIENTE_TP0/(8811:8811): Hola soy un Log
[INFO] 00:09:04:190 LOG_CLIENTE_TP0/(8811:8811): ยก BIENVENIDOS AL LOG DE CLIENTE !
[INFO] 00:09:04:191 LOG_CLIENTE_TP0/(8811:8811): 
La clave es:valor 
El puerto es:4444 
La IP es:127.0.0.1 

[INFO] 00:14:36:160 LOG_CLIENTE_TP0/(9295:9295): Hola soy un Log
[INFO] 00:14:36:161 LOG_CLIENTE_TP0/(9295:9295): ยก BIENVENIDOS AL LOG DE CLIENTE !
[ERROR] 00:14:36:161 LOG_CLIENTE_TP0/(9295:9295): ERROR = en la creacion del archivo config.
[INFO] 00:16:02:453 LOG_CLIENTE_TP0/(9436:9436): Hola soy un Log
[INFO] 00:16:02:454 LOG_CLIENTE_TP0/(9436:9436): ยก BIENVENIDOS AL LOG DE CLIENTE !
[INFO] 00:16:02:455 LOG_CLIENTE_TP0/(9436:9436): 
La clave es:valor 
El puerto es:4444 
La IP es:127.0.0.1 

[INFO] 00:20:49:657 LOG_CLIENTE_TP0/(9857:9857): Hola soy un Log
[INFO] 00:20:49:658 LOG_CLIENTE_TP0/(9857:9857): ยก BIENVENIDOS AL LOG DE CLIENTE !
[INFO] 00:20:49:659 LOG_CLIENTE_TP0/(9857:9857): 
La clave es:valor 
El puerto es:4444 
La IP es:127.0.0.1 

[INFO] 00:24:52:091 LOG_CLIENTE_TP0/(10202:10202): Hola soy un Log
[INFO] 00:24:52:092 LOG_CLIENTE_TP0/(10202:10202): ยก BIENVENIDOS AL LOG DE CLIENTE !
[INFO] 00:24:52:092 LOG_CLIENTE_TP0/(10202:10202): 
La clave es:valor 
El puerto es:4444 
La IP es:127.0.0.1 

[INFO] 00:24:54:726 LOG_CLIENTE_TP0/(10202:10202): kaka
[INFO] 00:24:57:505 LOG_CLIENTE_TP0/(10202:10202): papa
[INFO] 00:24:58:761 LOG_CLIENTE_TP0/(10202:10202): 
[INFO] 00:25:00:424 LOG_CLIENTE_TP0/(10202:10202): 
[INFO] 00:25:01:187 LOG_CLIENTE_TP0/(10202:10202): 
[INFO] 00:25:01:636 LOG_CLIENTE_TP0/(10202:10202): 
[INFO] 00:25:01:895 LOG_CLIENTE_TP0/(10202:10202): 
[INFO] 00:25:02:109 LOG_CLIENTE_TP0/(10202:10202): 
[INFO] 00:25:02:311 LOG_CLIENTE_TP0/(10202:10202): 
[INFO] 00:25:02:457 LOG_CLIENTE_TP0/(10202:10202): 
[INFO] 00:25:02:623 LOG_CLIENTE_TP0/(10202:10202): 
[INFO] 00:25:02:770 LOG_CLIENTE_TP0/(10202:10202): 
[INFO] 00:25:02:923 LOG_CLIENTE_TP0/(10202:10202): 
[INFO] 00:25:03:078 LOG_CLIENTE_TP0/(10202:10202): 
[INFO] 00:25:03:227 LOG_CLIENTE_TP0/(10202:10202): 
[INFO] 00:25:18:745 LOG_CLIENTE_TP0/(10202:10202): 
[INFO] 00:26:08:650 LOG_CLIENTE_TP0/(10346:10346): Hola soy un Log
[INFO] 00:26:08:651 LOG_CLIENTE_TP0/(10346:10346): ยก BIENVENIDOS AL LOG DE CLIENTE !
[INFO] 00:26:08:652 LOG_CLIENTE_TP0/(10346:10346): 
La clave es:valor 
El puerto es:4444 
La IP es:127.0.0.1 

[INFO] 00:26:11:014 LOG_CLIENTE_TP0/(10346:10346): kaka
[INFO] 00:26:12:129 LOG_CLIENTE_TP0/(10346:10346): lalla
[INFO] 00:26:12:746 LOG_CLIENTE_TP0/(10346:10346): 
[INFO] 00:26:21:414 LOG_CLIENTE_TP0/(10346:10346): \n
[INFO] 00:26:22:484 LOG_CLIENTE_TP0/(10346:10346): 
[INFO] 00:27:16:560 LOG_CLIENTE_TP0/(10346:10346): 
[INFO] 00:27:21:832 LOG_CLIENTE_TP0/(10470:10470): Hola soy un Log
[INFO] 00:27:21:833 LOG_CLIENTE_TP0/(10470:10470): ยก BIENVENIDOS AL LOG DE CLIENTE !
[INFO] 00:27:21:834 LOG_CLIENTE_TP0/(10470:10470): 
La clave es:valor 
El puerto es:4444 
La IP es:127.0.0.1 

[INFO] 00:27:23:891 LOG_CLIENTE_TP0/(10470:10470): KAKA
[INFO] 00:27:24:655 LOG_CLIENTE_TP0/(10470:10470): LALA
[INFO] 00:27:25:933 LOG_CLIENTE_TP0/(10470:10470): MMAA
[INFO] 00:27:26:368 LOG_CLIENTE_TP0/(10470:10470): 
[INFO] 00:27:27:360 LOG_CLIENTE_TP0/(10470:10470): 
[INFO] 00:27:27:540 LOG_CLIENTE_TP0/(10470:10470): 
[INFO] 00:27:27:697 LOG_CLIENTE_TP0/(10470:10470): 
[INFO] 00:27:27:849 LOG_CLIENTE_TP0/(10470:10470): 
[INFO] 00:27:27:990 LOG_CLIENTE_TP0/(10470:10470): 
[INFO] 00:28:57:618 LOG_CLIENTE_TP0/(10627:10627): Hola soy un Log
[INFO] 00:28:57:619 LOG_CLIENTE_TP0/(10627:10627): ยก BIENVENIDOS AL LOG DE CLIENTE !
[INFO] 00:28:57:619 LOG_CLIENTE_TP0/(10627:10627): 
La clave es:valor 
El puerto es:4444 
La IP es:127.0.0.1 

[INFO] 00:28:59:170 LOG_CLIENTE_TP0/(10627:10627): SKDSAKD
[INFO] 00:28:59:593 LOG_CLIENTE_TP0/(10627:10627): 
[INFO] 00:29:01:723 LOG_CLIENTE_TP0/(10627:10627): LSADLSADLA
[INFO] 00:29:02:035 LOG_CLIENTE_TP0/(10627:10627): 
[INFO] 00:29:36:190 LOG_CLIENTE_TP0/(10711:10711): Hola soy un Log
[INFO] 00:29:36:191 LOG_CLIENTE_TP0/(10711:10711): ยก BIENVENIDOS AL LOG DE CLIENTE !
[INFO] 00:29:36:192 LOG_CLIENTE_TP0/(10711:10711): 
La clave es:valor 
El puerto es:4444 
La IP es:127.0.0.1 

[INFO] 00:31:28:870 LOG_CLIENTE_TP0/(10893:10893): Hola soy un Log
[INFO] 00:31:28:871 LOG_CLIENTE_TP0/(10893:10893): ยก BIENVENIDOS AL LOG DE CLIENTE !
[INFO] 00:31:28:871 LOG_CLIENTE_TP0/(10893:10893): 
La clave es:valor 
El puerto es:4444 
La IP es:127.0.0.1 

[INFO] 00:31:55:026 LOG_CLIENTE_TP0/(10945:10945): Hola soy un Log
[INFO] 00:31:55:027 LOG_CLIENTE_TP0/(10945:10945): ยก BIENVENIDOS AL LOG DE CLIENTE !
[INFO] 00:31:55:028 LOG_CLIENTE_TP0/(10945:10945): 
La clave es:valor 
El puerto es:4444 
La IP es:127.0.0.1 

[INFO] 00:32:12:058 LOG_CLIENTE_TP0/(10985:10985): Hola soy un Log
[INFO] 00:32:12:058 LOG_CLIENTE_TP0/(10985:10985): ยก BIENVENIDOS AL LOG DE CLIENTE !
[INFO] 00:32:12:059 LOG_CLIENTE_TP0/(10985:10985): 
La clave es:valor 
El puerto es:4444 
La IP es:127.0.0.1 

[INFO] 00:32:15:239 LOG_CLIENTE_TP0/(10996:10996): Hola soy un Log
[INFO] 00:32:15:240 LOG_CLIENTE_TP0/(10996:10996): ยก BIENVENIDOS AL LOG DE CLIENTE !
[INFO] 00:32:15:241 LOG_CLIENTE_TP0/(10996:10996): 
La clave es:valor 
El puerto es:4444 
La IP es:127.0.0.1 

[INFO] 00:32:17:193 LOG_CLIENTE_TP0/(10996:10996): fsfds
